[INFO ] 2023-11-04 11:18:40.227 [main] UserTests - ********Creating User********
[INFO ] 2023-11-04 11:18:44.742 [main] UserTests - ********User is Created********
[INFO ] 2023-11-04 11:18:44.768 [main] UserTests - ********Reading User Info********
[INFO ] 2023-11-04 11:18:46.043 [main] UserTests - ********User Info is Display********
[INFO ] 2023-11-04 11:18:46.059 [main] UserTests - ********Updating User********
[INFO ] 2023-11-04 11:18:47.321 [main] UserTests - ********User is Updated********
[INFO ] 2023-11-04 11:18:47.322 [main] UserTests - ********Reading User Info After Updating User********
[INFO ] 2023-11-04 11:18:48.503 [main] UserTests - ********Displayed User Info after Updating user********
[INFO ] 2023-11-04 11:18:48.516 [main] UserTests - ********Deleting User********
[INFO ] 2023-11-04 11:18:49.698 [main] UserTests - ********User information is Deleted********
[INFO ] 2023-11-04 19:22:18.191 [main] UserTests - ********Creating User********
[INFO ] 2023-11-04 19:22:19.415 [main] UserTests - ********User is Created********
[INFO ] 2023-11-04 19:22:19.420 [main] UserTests - ********Reading User Info********
[INFO ] 2023-11-04 19:22:20.605 [main] UserTests - ********User Info is Display********
[INFO ] 2023-11-04 19:22:20.610 [main] UserTests - ********Updating User********
[INFO ] 2023-11-04 19:22:21.843 [main] UserTests - ********User is Updated********
[INFO ] 2023-11-04 19:22:21.843 [main] UserTests - ********Reading User Info After Updating User********
[INFO ] 2023-11-04 19:22:23.042 [main] UserTests - ********Displayed User Info after Updating user********
[INFO ] 2023-11-04 19:22:23.045 [main] UserTests - ********Deleting User********
[INFO ] 2023-11-04 19:22:24.245 [main] UserTests - ********User information is Deleted********
[INFO ] 2023-11-04 19:27:07.572 [main] UserTests - ********Creating User********
[INFO ] 2023-11-04 19:27:12.134 [main] UserTests - ********User is Created********
[INFO ] 2023-11-04 19:27:12.158 [main] UserTests - ********Reading User Info********
[INFO ] 2023-11-04 19:27:13.481 [main] UserTests - ********User Info is Display********
[INFO ] 2023-11-04 19:27:13.488 [main] UserTests - ********Updating User********
[INFO ] 2023-11-04 19:27:14.683 [main] UserTests - ********User is Updated********
[INFO ] 2023-11-04 19:27:14.684 [main] UserTests - ********Reading User Info After Updating User********
[INFO ] 2023-11-04 19:27:15.882 [main] UserTests - ********Displayed User Info after Updating user********
[INFO ] 2023-11-04 19:27:15.889 [main] UserTests - ********Deleting User********
[INFO ] 2023-11-04 19:27:17.106 [main] UserTests - ********User information is Deleted********
[INFO ] 2023-11-04 20:13:47.300 [main] UserTests - ********Creating User********
[INFO ] 2023-11-04 20:13:52.113 [main] UserTests - ********User is Created********
[INFO ] 2023-11-04 20:13:52.148 [main] UserTests - ********Reading User Info********
[INFO ] 2023-11-04 20:13:53.454 [main] UserTests - ********User Info is Display********
[INFO ] 2023-11-04 20:13:53.461 [main] UserTests - ********Updating User********
[INFO ] 2023-11-04 20:13:55.284 [main] UserTests - ********User is Updated********
[INFO ] 2023-11-04 20:13:55.284 [main] UserTests - ********Reading User Info After Updating User********
[INFO ] 2023-11-04 20:13:56.510 [main] UserTests - ********Displayed User Info after Updating user********
[INFO ] 2023-11-04 20:13:56.517 [main] UserTests - ********Deleting User********
[INFO ] 2023-11-04 20:13:57.732 [main] UserTests - ********User information is Deleted********
