[INFO ] 2023-11-05 08:07:49.127 [main] UserTests - ********Creating User********
[INFO ] 2023-11-05 08:07:53.521 [main] UserTests - ********User is Created********
[INFO ] 2023-11-05 08:07:53.546 [main] UserTests - ********Reading User Info********
[INFO ] 2023-11-05 08:07:54.769 [main] UserTests - ********User Info is Display********
[INFO ] 2023-11-05 08:07:54.776 [main] UserTests - ********Updating User********
[INFO ] 2023-11-05 08:07:55.975 [main] UserTests - ********User is Updated********
[INFO ] 2023-11-05 08:07:55.975 [main] UserTests - ********Reading User Info After Updating User********
[INFO ] 2023-11-05 08:07:57.225 [main] UserTests - ********Displayed User Info after Updating user********
[INFO ] 2023-11-05 08:07:57.231 [main] UserTests - ********Deleting User********
[INFO ] 2023-11-05 08:07:58.472 [main] UserTests - ********User information is Deleted********
[INFO ] 2023-11-05 08:14:01.344 [main] UserTests - ********Creating User********
[INFO ] 2023-11-05 08:14:06.163 [main] UserTests - ********User is Created********
[INFO ] 2023-11-05 08:14:06.190 [main] UserTests - ********Reading User Info********
[INFO ] 2023-11-05 08:14:07.454 [main] UserTests - ********User Info is Display********
[INFO ] 2023-11-05 08:14:07.463 [main] UserTests - ********Updating User********
[INFO ] 2023-11-05 08:14:08.690 [main] UserTests - ********User is Updated********
[INFO ] 2023-11-05 08:14:08.691 [main] UserTests - ********Reading User Info After Updating User********
[INFO ] 2023-11-05 08:14:09.871 [main] UserTests - ********Displayed User Info after Updating user********
[INFO ] 2023-11-05 08:14:09.878 [main] UserTests - ********Deleting User********
[INFO ] 2023-11-05 08:14:11.102 [main] UserTests - ********User information is Deleted********
[INFO ] 2023-11-05 08:14:55.197 [main] UserTests - ********Creating User********
[INFO ] 2023-11-05 08:14:59.394 [main] UserTests - ********User is Created********
[INFO ] 2023-11-05 08:14:59.416 [main] UserTests - ********Reading User Info********
[INFO ] 2023-11-05 08:15:00.670 [main] UserTests - ********User Info is Display********
[INFO ] 2023-11-05 08:15:00.675 [main] UserTests - ********Updating User********
[INFO ] 2023-11-05 08:15:01.885 [main] UserTests - ********User is Updated********
[INFO ] 2023-11-05 08:15:01.885 [main] UserTests - ********Reading User Info After Updating User********
[INFO ] 2023-11-05 08:15:03.155 [main] UserTests - ********Displayed User Info after Updating user********
[INFO ] 2023-11-05 08:15:03.159 [main] UserTests - ********Deleting User********
[INFO ] 2023-11-05 08:15:04.347 [main] UserTests - ********User information is Deleted********
